
=INFO REPORT==== 19-Nov-2017::01:50:20 ===
autocluster: (cleanup) Timer started {60,false}

=INFO REPORT==== 19-Nov-2017::01:50:20 ===
Starting RabbitMQ 3.6.14 on Erlang 19.3
Copyright (C) 2007-2017 Pivotal Software, Inc.
Licensed under the MPL.  See http://www.rabbitmq.com/

=INFO REPORT==== 19-Nov-2017::01:50:20 ===
node           : rabbit@rabbit_auto2
home dir       : /root
config file(s) : /usr/lib/rabbitmq/etc/rabbitmq/rabbitmq.config
cookie hash    : iqG7DCBA+lxNNLQq/Y6efg==
log            : /usr/lib/rabbitmq/var/log/rabbitmq/rabbit@rabbit_auto2.log
sasl log       : /usr/lib/rabbitmq/var/log/rabbitmq/rabbit@rabbit_auto2-sasl.log
database dir   : /usr/lib/rabbitmq/var/lib/rabbitmq/mnesia/rabbit@rabbit_auto2

=INFO REPORT==== 19-Nov-2017::01:50:23 ===
autocluster: Running discover/join step

=INFO REPORT==== 19-Nov-2017::01:50:23 ===
autocluster: Apps 'rabbit' and 'mnesia' successfully stopped

=INFO REPORT==== 19-Nov-2017::01:50:23 ===
autocluster: Running step initialize_backend

=INFO REPORT==== 19-Nov-2017::01:50:23 ===
autocluster: Running step acquire_startup_lock

=INFO REPORT==== 19-Nov-2017::01:50:23 ===
autocluster: Startup lock acquired

=INFO REPORT==== 19-Nov-2017::01:50:23 ===
autocluster: Running step find_best_node_to_join

=INFO REPORT==== 19-Nov-2017::01:50:23 ===
autocluster: List of registered nodes retrieved from the backend: []

=ERROR REPORT==== 19-Nov-2017::01:50:23 ===
autocluster: No nodes to choose the preferred from!

=INFO REPORT==== 19-Nov-2017::01:50:23 ===
autocluster: Picked node as the preferred choice for joining: undefined

=INFO REPORT==== 19-Nov-2017::01:50:23 ===
autocluster: Running step maybe_cluster

=INFO REPORT==== 19-Nov-2017::01:50:23 ===
autocluster: We are the first node in the cluster, starting up unconditionally.

=INFO REPORT==== 19-Nov-2017::01:50:23 ===
autocluster: Starting back 'rabbit' application

=INFO REPORT==== 19-Nov-2017::01:50:23 ===
Memory high watermark set to 793 MiB (832526745 bytes) of 992 MiB (1040658432 bytes) total

=INFO REPORT==== 19-Nov-2017::01:50:23 ===
Enabling free disk space monitoring

=INFO REPORT==== 19-Nov-2017::01:50:23 ===
Disk free limit set to 50MB

=INFO REPORT==== 19-Nov-2017::01:50:23 ===
Limiting to approx 924 file handles (829 sockets)

=INFO REPORT==== 19-Nov-2017::01:50:23 ===
FHC read buffering:  OFF
FHC write buffering: OFF

=INFO REPORT==== 19-Nov-2017::01:50:23 ===
Database directory at /usr/lib/rabbitmq/var/lib/rabbitmq/mnesia/rabbit@rabbit_auto2 is empty. Initialising from scratch...

=INFO REPORT==== 19-Nov-2017::01:50:23 ===
Waiting for Mnesia tables for 30000 ms, 9 retries left

=INFO REPORT==== 19-Nov-2017::01:50:23 ===
Waiting for Mnesia tables for 30000 ms, 9 retries left

=INFO REPORT==== 19-Nov-2017::01:50:23 ===
Waiting for Mnesia tables for 30000 ms, 9 retries left

=INFO REPORT==== 19-Nov-2017::01:50:23 ===
Priority queues enabled, real BQ is rabbit_variable_queue

=INFO REPORT==== 19-Nov-2017::01:50:23 ===
Starting rabbit_node_monitor

=INFO REPORT==== 19-Nov-2017::01:50:23 ===
Management plugin: using rates mode 'basic'

=INFO REPORT==== 19-Nov-2017::01:50:23 ===
msg_store_transient: using rabbit_msg_store_ets_index to provide index

=INFO REPORT==== 19-Nov-2017::01:50:23 ===
msg_store_persistent: using rabbit_msg_store_ets_index to provide index

=WARNING REPORT==== 19-Nov-2017::01:50:23 ===
msg_store_persistent: rebuilding indices from scratch

=INFO REPORT==== 19-Nov-2017::01:50:23 ===
Adding vhost '/custom'

=INFO REPORT==== 19-Nov-2017::01:50:23 ===
Creating user 'guest'

=INFO REPORT==== 19-Nov-2017::01:50:23 ===
Setting user tags for user 'guest' to [administrator]

=INFO REPORT==== 19-Nov-2017::01:50:23 ===
Setting permissions for 'guest' in '/custom' to '.*', '.*', '.*'

=INFO REPORT==== 19-Nov-2017::01:50:23 ===
started TCP Listener on [::]:5672

=INFO REPORT==== 19-Nov-2017::01:50:23 ===
autocluster: Running registeration step

=INFO REPORT==== 19-Nov-2017::01:50:23 ===
autocluster: Running step register_with_backend

=INFO REPORT==== 19-Nov-2017::01:50:23 ===
autocluster: Running lock release step

=INFO REPORT==== 19-Nov-2017::01:50:23 ===
autocluster: Running step release_startup_lock

=INFO REPORT==== 19-Nov-2017::01:50:23 ===
rabbit_stomp: default user 'guest' enabled

=INFO REPORT==== 19-Nov-2017::01:50:23 ===
started STOMP TCP Listener on [::]:61613

=INFO REPORT==== 19-Nov-2017::01:50:23 ===
rabbit_web_stomp: listening for HTTP connections on 0.0.0.0:15674

=INFO REPORT==== 19-Nov-2017::01:50:23 ===
MQTT retained message store: rabbit_mqtt_retained_msg_store_dets

=INFO REPORT==== 19-Nov-2017::01:50:23 ===
started MQTT TCP Listener on [::]:1883

=INFO REPORT==== 19-Nov-2017::01:50:23 ===
Management plugin started. Port: 15672

=INFO REPORT==== 19-Nov-2017::01:50:23 ===
Statistics database started.

=INFO REPORT==== 19-Nov-2017::01:50:23 ===
Server startup complete; 17 plugins started.
 * rabbitmq_shovel_management
 * rabbitmq_federation_management
 * rabbitmq_management
 * rabbitmq_management_agent
 * rabbitmq_mqtt
 * rabbitmq_federation
 * rabbitmq_web_stomp
 * rabbitmq_stomp
 * rabbitmq_shovel
 * rabbitmq_web_dispatch
 * rabbitmq_consistent_hash_exchange
 * cowboy
 * autocluster
 * rabbitmq_aws
 * sockjs
 * amqp_client
 * cowlib
