
=INFO REPORT==== 18-Nov-2017::18:38:39 ===
Starting RabbitMQ 3.6.14 on Erlang 19.3
Copyright (C) 2007-2017 Pivotal Software, Inc.
Licensed under the MPL.  See http://www.rabbitmq.com/

=INFO REPORT==== 18-Nov-2017::18:38:39 ===
node           : rabbit@rabbit_auto1
home dir       : /root
config file(s) : /usr/lib/rabbitmq/etc/rabbitmq/rabbitmq.config
cookie hash    : iqG7DCBA+lxNNLQq/Y6efg==
log            : /usr/lib/rabbitmq/var/log/rabbitmq/rabbit@rabbit_auto1.log
sasl log       : /usr/lib/rabbitmq/var/log/rabbitmq/rabbit@rabbit_auto1-sasl.log
database dir   : /usr/lib/rabbitmq/var/lib/rabbitmq/mnesia/rabbit@rabbit_auto1

=INFO REPORT==== 18-Nov-2017::18:38:41 ===
autocluster: Running discover/join step

=INFO REPORT==== 18-Nov-2017::18:38:41 ===
autocluster: Apps 'rabbit' and 'mnesia' successfully stopped

=INFO REPORT==== 18-Nov-2017::18:38:41 ===
autocluster: Running step initialize_backend

=ERROR REPORT==== 18-Nov-2017::18:38:41 ===
autocluster: Skipping step initialize_backend because backend module is not configured! 

=INFO REPORT==== 18-Nov-2017::18:38:41 ===
autocluster: Starting back 'rabbit' application

=INFO REPORT==== 18-Nov-2017::18:38:41 ===
Memory high watermark set to 793 MiB (832526745 bytes) of 992 MiB (1040658432 bytes) total

=INFO REPORT==== 18-Nov-2017::18:38:41 ===
Enabling free disk space monitoring

=INFO REPORT==== 18-Nov-2017::18:38:41 ===
Disk free limit set to 50MB

=INFO REPORT==== 18-Nov-2017::18:38:41 ===
Limiting to approx 924 file handles (829 sockets)

=INFO REPORT==== 18-Nov-2017::18:38:41 ===
FHC read buffering:  OFF
FHC write buffering: OFF

=INFO REPORT==== 18-Nov-2017::18:38:41 ===
Database directory at /usr/lib/rabbitmq/var/lib/rabbitmq/mnesia/rabbit@rabbit_auto1 is empty. Initialising from scratch...

=INFO REPORT==== 18-Nov-2017::18:38:41 ===
Waiting for Mnesia tables for 30000 ms, 9 retries left

=INFO REPORT==== 18-Nov-2017::18:38:41 ===
Waiting for Mnesia tables for 30000 ms, 9 retries left

=INFO REPORT==== 18-Nov-2017::18:38:41 ===
Waiting for Mnesia tables for 30000 ms, 9 retries left

=INFO REPORT==== 18-Nov-2017::18:38:41 ===
Priority queues enabled, real BQ is rabbit_variable_queue

=INFO REPORT==== 18-Nov-2017::18:38:41 ===
Starting rabbit_node_monitor

=INFO REPORT==== 18-Nov-2017::18:38:41 ===
Management plugin: using rates mode 'basic'

=INFO REPORT==== 18-Nov-2017::18:38:41 ===
msg_store_transient: using rabbit_msg_store_ets_index to provide index

=INFO REPORT==== 18-Nov-2017::18:38:41 ===
msg_store_persistent: using rabbit_msg_store_ets_index to provide index

=WARNING REPORT==== 18-Nov-2017::18:38:41 ===
msg_store_persistent: rebuilding indices from scratch

=INFO REPORT==== 18-Nov-2017::18:38:41 ===
Adding vhost '/'

=INFO REPORT==== 18-Nov-2017::18:38:41 ===
Creating user 'guest'

=INFO REPORT==== 18-Nov-2017::18:38:41 ===
Setting user tags for user 'guest' to [administrator]

=INFO REPORT==== 18-Nov-2017::18:38:41 ===
Setting permissions for 'guest' in '/' to '.*', '.*', '.*'

=INFO REPORT==== 18-Nov-2017::18:38:41 ===
started TCP Listener on [::]:5672

=INFO REPORT==== 18-Nov-2017::18:38:41 ===
autocluster: Running registeration step

=INFO REPORT==== 18-Nov-2017::18:38:41 ===
autocluster: Running step register_with_backend

=ERROR REPORT==== 18-Nov-2017::18:38:41 ===
autocluster: Skipping step register_with_backend because backend module is not configured! 

=INFO REPORT==== 18-Nov-2017::18:38:41 ===
autocluster: Running lock release step

=INFO REPORT==== 18-Nov-2017::18:38:41 ===
autocluster: Running step release_startup_lock

=ERROR REPORT==== 18-Nov-2017::18:38:41 ===
autocluster: Skipping step release_startup_lock because backend module is not configured! 

=INFO REPORT==== 18-Nov-2017::18:38:41 ===
MQTT retained message store: rabbit_mqtt_retained_msg_store_dets

=INFO REPORT==== 18-Nov-2017::18:38:41 ===
started MQTT TCP Listener on [::]:1883

=INFO REPORT==== 18-Nov-2017::18:38:41 ===
rabbit_stomp: default user 'guest' enabled

=INFO REPORT==== 18-Nov-2017::18:38:41 ===
started STOMP TCP Listener on [::]:61613

=INFO REPORT==== 18-Nov-2017::18:38:41 ===
rabbit_web_stomp: listening for HTTP connections on 0.0.0.0:15674

=INFO REPORT==== 18-Nov-2017::18:38:41 ===
Management plugin started. Port: 15672

=INFO REPORT==== 18-Nov-2017::18:38:41 ===
Statistics database started.

=INFO REPORT==== 18-Nov-2017::18:38:41 ===
Server startup complete; 17 plugins started.
 * rabbitmq_federation_management
 * rabbitmq_shovel_management
 * rabbitmq_management
 * rabbitmq_shovel
 * rabbitmq_web_dispatch
 * rabbitmq_web_stomp
 * rabbitmq_stomp
 * rabbitmq_federation
 * rabbitmq_mqtt
 * rabbitmq_management_agent
 * rabbitmq_consistent_hash_exchange
 * amqp_client
 * autocluster
 * rabbitmq_aws
 * cowboy
 * sockjs
 * cowlib

=INFO REPORT==== 18-Nov-2017::18:41:26 ===
Changing password for 'guest'

=INFO REPORT==== 18-Nov-2017::18:41:26 ===
Setting user tags for user 'guest' to [administrator]

=WARNING REPORT==== 18-Nov-2017::18:41:26 ===
HTTP access denied: user 'guest' - invalid credentials

=WARNING REPORT==== 18-Nov-2017::18:41:56 ===
HTTP access denied: user 'guest' - invalid credentials

=WARNING REPORT==== 18-Nov-2017::18:42:12 ===
HTTP access denied: user 'guest' - invalid credentials

=INFO REPORT==== 18-Nov-2017::19:04:37 ===
Starting RabbitMQ 3.6.14 on Erlang 19.3
Copyright (C) 2007-2017 Pivotal Software, Inc.
Licensed under the MPL.  See http://www.rabbitmq.com/

=INFO REPORT==== 18-Nov-2017::19:04:37 ===
node           : rabbit@rabbit_auto1
home dir       : /root
config file(s) : /usr/lib/rabbitmq/etc/rabbitmq/rabbitmq.config
cookie hash    : iqG7DCBA+lxNNLQq/Y6efg==
log            : /usr/lib/rabbitmq/var/log/rabbitmq/rabbit@rabbit_auto1.log
sasl log       : /usr/lib/rabbitmq/var/log/rabbitmq/rabbit@rabbit_auto1-sasl.log
database dir   : /usr/lib/rabbitmq/var/lib/rabbitmq/mnesia/rabbit@rabbit_auto1

=INFO REPORT==== 18-Nov-2017::19:04:39 ===
autocluster: Running discover/join step

=INFO REPORT==== 18-Nov-2017::19:04:39 ===
autocluster: Apps 'rabbit' and 'mnesia' successfully stopped

=INFO REPORT==== 18-Nov-2017::19:04:39 ===
autocluster: Running step initialize_backend

=ERROR REPORT==== 18-Nov-2017::19:04:39 ===
autocluster: Skipping step initialize_backend because backend module is not configured! 

=INFO REPORT==== 18-Nov-2017::19:04:39 ===
autocluster: Starting back 'rabbit' application

=INFO REPORT==== 18-Nov-2017::19:04:39 ===
Memory high watermark set to 793 MiB (832526745 bytes) of 992 MiB (1040658432 bytes) total

=INFO REPORT==== 18-Nov-2017::19:04:39 ===
Enabling free disk space monitoring

=INFO REPORT==== 18-Nov-2017::19:04:39 ===
Disk free limit set to 50MB

=INFO REPORT==== 18-Nov-2017::19:04:39 ===
Limiting to approx 924 file handles (829 sockets)

=INFO REPORT==== 18-Nov-2017::19:04:39 ===
FHC read buffering:  OFF
FHC write buffering: OFF

=INFO REPORT==== 18-Nov-2017::19:04:39 ===
Waiting for Mnesia tables for 30000 ms, 9 retries left

=INFO REPORT==== 18-Nov-2017::19:04:39 ===
Waiting for Mnesia tables for 30000 ms, 9 retries left

=INFO REPORT==== 18-Nov-2017::19:04:39 ===
Priority queues enabled, real BQ is rabbit_variable_queue

=INFO REPORT==== 18-Nov-2017::19:04:39 ===
Starting rabbit_node_monitor

=INFO REPORT==== 18-Nov-2017::19:04:39 ===
Management plugin: using rates mode 'basic'

=INFO REPORT==== 18-Nov-2017::19:04:39 ===
msg_store_transient: using rabbit_msg_store_ets_index to provide index

=INFO REPORT==== 18-Nov-2017::19:04:39 ===
msg_store_persistent: using rabbit_msg_store_ets_index to provide index

=WARNING REPORT==== 18-Nov-2017::19:04:39 ===
msg_store_persistent: rebuilding indices from scratch

=INFO REPORT==== 18-Nov-2017::19:04:39 ===
started TCP Listener on [::]:5672

=INFO REPORT==== 18-Nov-2017::19:04:39 ===
autocluster: Running registeration step

=INFO REPORT==== 18-Nov-2017::19:04:39 ===
autocluster: Running step register_with_backend

=ERROR REPORT==== 18-Nov-2017::19:04:39 ===
autocluster: Skipping step register_with_backend because backend module is not configured! 

=INFO REPORT==== 18-Nov-2017::19:04:39 ===
autocluster: Running lock release step

=INFO REPORT==== 18-Nov-2017::19:04:39 ===
autocluster: Running step release_startup_lock

=ERROR REPORT==== 18-Nov-2017::19:04:39 ===
autocluster: Skipping step release_startup_lock because backend module is not configured! 

=INFO REPORT==== 18-Nov-2017::19:04:39 ===
MQTT retained message store: rabbit_mqtt_retained_msg_store_dets

=INFO REPORT==== 18-Nov-2017::19:04:39 ===
started MQTT TCP Listener on [::]:1883

=INFO REPORT==== 18-Nov-2017::19:04:39 ===
rabbit_stomp: default user 'guest' enabled

=INFO REPORT==== 18-Nov-2017::19:04:39 ===
started STOMP TCP Listener on [::]:61613

=INFO REPORT==== 18-Nov-2017::19:04:39 ===
rabbit_web_stomp: listening for HTTP connections on 0.0.0.0:15674

=INFO REPORT==== 18-Nov-2017::19:04:39 ===
Management plugin started. Port: 15672

=INFO REPORT==== 18-Nov-2017::19:04:39 ===
Statistics database started.

=INFO REPORT==== 18-Nov-2017::19:04:39 ===
Server startup complete; 17 plugins started.
 * rabbitmq_shovel_management
 * rabbitmq_federation_management
 * rabbitmq_management
 * rabbitmq_web_dispatch
 * rabbitmq_web_stomp
 * cowboy
 * cowlib
 * rabbitmq_consistent_hash_exchange
 * rabbitmq_management_agent
 * rabbitmq_stomp
 * rabbitmq_shovel
 * rabbitmq_mqtt
 * rabbitmq_federation
 * autocluster
 * rabbitmq_aws
 * amqp_client
 * sockjs
